<?xml version="1.0" encoding="UTF-8"?>
<!-- Generated by org.testng.reporters.JUnitReportReporter -->
<testsuite hostname="MAVBCP2520" failures="0" tests="1" name="com.testng.NewTest" time="5.947" errors="0" timestamp="2021-07-04T19:25:48 IST" skipped="0">
  <testcase classname="com.testng.NewTest" name="f" time="5.947"/>
  <system-out/>
</testsuite> <!-- com.testng.NewTest -->
