<?xml version="1.0" encoding="UTF-8"?>
<!-- Generated by org.testng.reporters.JUnitReportReporter -->
<testsuite hostname="MAVBCP2520" failures="0" tests="1" name="com.testng.FourthTest" time="0.004" errors="0" timestamp="2021-07-01T09:58:43 IST" skipped="0">
  <testcase classname="com.testng.FourthTest" name="checkResultTest" time="0.004"/>
  <system-out/>
</testsuite> <!-- com.testng.FourthTest -->
