<?xml version="1.0" encoding="UTF-8"?>
<!-- Generated by org.testng.reporters.JUnitReportReporter -->
<testsuite hostname="MAVBCP2520" failures="0" tests="5" name="com.testng.Demo" time="0.024" errors="0" timestamp="2021-07-03T01:44:41 IST" skipped="0">
  <testcase classname="com.testng.Demo" name="regestrationtest" time="0.014"/>
  <system-out/>
  <testcase classname="com.testng.Demo" name="precondition" time="0.003"/>
  <system-out/>
  <testcase classname="com.testng.Demo" name="abouttest" time="0.003"/>
  <system-out/>
  <testcase classname="com.testng.Demo" name="postcondition" time="0.002"/>
  <system-out/>
  <testcase classname="com.testng.Demo" name="dologintest" time="0.002"/>
  <system-out/>
</testsuite> <!-- com.testng.Demo -->
