<?xml version="1.0" encoding="UTF-8"?>
<!-- Generated by org.testng.reporters.JUnitReportReporter -->
<testsuite hostname="MAVBCP2520" failures="0" tests="1" name="com.testng.Netflixfirefox" time="20.198" errors="0" timestamp="2021-07-04T20:15:08 IST" skipped="0">
  <testcase classname="com.testng.Netflixfirefox" name="f" time="20.198"/>
  <system-out/>
</testsuite> <!-- com.testng.Netflixfirefox -->
